---
  0 debug pnpm:scope: 
    selected: 1
    workspacePrefix: null
  1 info pnpm: 
    message: "A store server is running. All store manipulations are delegated to it."
    prefix: "/app"
  2 debug pnpm:package-json: 
    initial: 
      name: "hello-express"
      version: "0.0.1"
      description: ""
      main: "bot.js"
      scripts: 
        start: "node bot.js"
      dependencies: 
        @pnpm/shamefully-flatten: "^4.0.0"
        axios: "^0.21.1"
        captcha-plus: "^2.5.2"
        chalk: "^4.1.0"
        common-tags: "^1.8.0"
        croxydb: "0.0.7"
        discord.js: "^12.5.1"
        express: "^4.17.1"
        ffmpeg: "0.0.4"
        ffmpeg-static: "^4.2.7"
        fs: "0.0.2"
        jimp: "^0.16.1"
        moment: "^2.29.1"
        ms: "^2.1.3"
        node-superfetch: "^0.1.10"
        null-api: "0.0.1"
        opusscript: "0.0.7"
        parse-ms: "^2.1.0"
        ping-monitor: "^0.6.1"
        pnpm: "^5.16.0"
        quick.db: "^7.1.2"
        rcaptcha: "0.0.4-beta"
        request: "^2.88.2"
        sayi-oku: "^1.1.4"
        simple-youtube-api: "^5.2.1"
        sleep: "^6.3.0"
        snekfetch: "^4.0.4"
        store-cleaner: "^1.0.0"
        store-dir: "^2.0.12"
        youtube-search: "^1.1.6"
        ytdl-core: "^4.4.5"
      engines: 
        node: "12.x"
      repository: 
        url: "https://glitch.com/edit/#!/hello-express"
      license: "MIT"
      keywords: 
        - "node"
        - "glitch"
        - "express"
      gitHead: "4a1db634ecf6984214aa08cb560d1f1bb6628535"
      readme: "ERROR: No README data found!"
      _id: "hello-express@0.0.1"
    prefix: "/app"
  3 debug pnpm:stage: 
    prefix: "/app"
    stage: "resolution_started"
  4 debug pnpm:progress: 
    packageId: "registry.npmjs.org/@pnpm/shamefully-flatten/4.0.0"
    requester: "/app"
    status: "resolved"
  5 debug pnpm:progress: 
    packageId: "registry.npmjs.org/axios/0.21.1"
    requester: "/app"
    status: "resolved"
  6 debug pnpm:progress: 
    packageId: "registry.npmjs.org/captcha-plus/2.5.2"
    requester: "/app"
    status: "resolved"
  7 debug pnpm:progress: 
    packageId: "registry.npmjs.org/chalk/4.1.0"
    requester: "/app"
    status: "resolved"
  8 debug pnpm:progress: 
    packageId: "registry.npmjs.org/common-tags/1.8.0"
    requester: "/app"
    status: "resolved"
  9 debug pnpm:progress: 
    packageId: "registry.npmjs.org/croxydb/0.0.7"
    requester: "/app"
    status: "resolved"
  10 debug pnpm:progress: 
    packageId: "registry.npmjs.org/discord.js/12.5.2"
    requester: "/app"
    status: "resolved"
  11 debug pnpm:progress: 
    packageId: "registry.npmjs.org/express/4.17.1"
    requester: "/app"
    status: "resolved"
  12 debug pnpm:progress: 
    packageId: "registry.npmjs.org/ffmpeg/0.0.4"
    requester: "/app"
    status: "resolved"
  13 debug pnpm:progress: 
    packageId: "registry.npmjs.org/ffmpeg-static/4.3.0"
    requester: "/app"
    status: "resolved"
  14 debug pnpm:progress: 
    packageId: "registry.npmjs.org/fs/0.0.2"
    requester: "/app"
    status: "resolved"
  15 debug pnpm:progress: 
    packageId: "registry.npmjs.org/jimp/0.16.1"
    requester: "/app"
    status: "resolved"
  16 debug pnpm:progress: 
    packageId: "registry.npmjs.org/moment/2.29.1"
    requester: "/app"
    status: "resolved"
  17 debug pnpm:progress: 
    packageId: "registry.npmjs.org/ms/2.1.3"
    requester: "/app"
    status: "resolved"
  18 debug pnpm:progress: 
    packageId: "registry.npmjs.org/node-superfetch/0.1.11"
    requester: "/app"
    status: "resolved"
  19 debug pnpm:progress: 
    packageId: "registry.npmjs.org/null-api/0.0.1"
    requester: "/app"
    status: "resolved"
  20 debug pnpm:progress: 
    packageId: "registry.npmjs.org/opusscript/0.0.7"
    requester: "/app"
    status: "resolved"
  21 debug pnpm:progress: 
    packageId: "registry.npmjs.org/parse-ms/2.1.0"
    requester: "/app"
    status: "resolved"
  22 debug pnpm:progress: 
    packageId: "registry.npmjs.org/ping-monitor/0.6.1"
    requester: "/app"
    status: "resolved"
  23 debug pnpm:progress: 
    packageId: "registry.npmjs.org/pnpm/5.18.9"
    requester: "/app"
    status: "resolved"
  24 debug pnpm:progress: 
    packageId: "registry.npmjs.org/quick.db/7.1.3"
    requester: "/app"
    status: "resolved"
  25 debug pnpm:progress: 
    packageId: "registry.npmjs.org/rcaptcha/0.0.4-beta"
    requester: "/app"
    status: "resolved"
  26 debug pnpm:deprecation: 
    deprecated: "request has been deprecated, see https://github.com/request/request/issues/3142"
    depth: 0
    pkgId: "registry.npmjs.org/request/2.88.2"
    pkgName: "request"
    pkgVersion: "2.88.2"
    prefix: "/app"
  27 debug pnpm:progress: 
    packageId: "registry.npmjs.org/request/2.88.2"
    requester: "/app"
    status: "resolved"
  28 debug pnpm:progress: 
    packageId: "registry.npmjs.org/sayi-oku/1.1.4"
    requester: "/app"
    status: "resolved"
  29 debug pnpm:progress: 
    packageId: "registry.npmjs.org/simple-youtube-api/5.2.1"
    requester: "/app"
    status: "resolved"
  30 debug pnpm:progress: 
    packageId: "registry.npmjs.org/sleep/6.3.0"
    requester: "/app"
    status: "resolved"
  31 debug pnpm:deprecation: 
    deprecated: "use node-fetch instead"
    depth: 0
    pkgId: "registry.npmjs.org/snekfetch/4.0.4"
    pkgName: "snekfetch"
    pkgVersion: "4.0.4"
    prefix: "/app"
  32 debug pnpm:progress: 
    packageId: "registry.npmjs.org/snekfetch/4.0.4"
    requester: "/app"
    status: "resolved"
  33 debug pnpm:progress: 
    packageId: "registry.npmjs.org/store-cleaner/1.0.0"
    requester: "/app"
    status: "resolved"
  34 debug pnpm:progress: 
    packageId: "registry.npmjs.org/youtube-search/1.1.6"
    requester: "/app"
    status: "resolved"
  35 error pnpm: 
    message: "404 Not Found: store-dir (via https://registry.npmjs.org/store-dir)"
    code: "ERR_PNPM_REGISTRY_META_RESPONSE_404"
    uri: "https://registry.npmjs.org/store-dir"
    response: 
      body: 
        _readableState: 
          objectMode: false
          highWaterMark: 16384
          buffer: 
            head: 
              data: 
                type: "Buffer"
                data: 
                  - 123
                  - 34
                  - 101
                  - 114
                  - 114
                  - 111
                  - 114
                  - 34
                  - 58
                  - 34
                  - 78
                  - 111
                  - 116
                  - 32
                  - 102
                  - 111
                  - 117
                  - 110
                  - 100
                  - 34
                  - 125
              next: null
            tail: 
              data: 
                type: "Buffer"
                data: 
                  - 123
                  - 34
                  - 101
                  - 114
                  - 114
                  - 111
                  - 114
                  - 34
                  - 58
                  - 34
                  - 78
                  - 111
                  - 116
                  - 32
                  - 102
                  - 111
                  - 117
                  - 110
                  - 100
                  - 34
                  - 125
              next: null
            length: 1
          length: 21
          pipes: null
          pipesCount: 0
          flowing: null
          ended: true
          endEmitted: false
          reading: false
          sync: false
          needReadable: false
          emittedReadable: true
          readableListening: false
          resumeScheduled: false
          paused: true
          emitClose: true
          destroyed: false
          defaultEncoding: "utf8"
          awaitDrain: 0
          readingMore: false
          decoder: null
          encoding: null
        readable: true
        _events: {}
        _eventsCount: 1
        _writableState: 
          objectMode: false
          highWaterMark: 16384
          finalCalled: false
          needDrain: false
          ending: true
          ended: true
          finished: true
          destroyed: false
          decodeStrings: true
          defaultEncoding: "utf8"
          length: 0
          writing: false
          corked: 0
          sync: false
          bufferProcessing: false
          writecb: null
          writelen: 0
          bufferedRequest: null
          lastBufferedRequest: null
          pendingcb: 0
          prefinished: true
          errorEmitted: false
          emitClose: true
          bufferedRequestCount: 0
          corkedRequestsFree: 
            next: null
            entry: null
        writable: false
        allowHalfOpen: true
        _transformState: 
          needTransform: false
          transforming: false
          writecb: null
          writechunk: null
          writeencoding: "buffer"
      size: 0
      timeout: 0
      url: "https://registry.npmjs.org/store-dir"
      status: 404
      statusText: "Not Found"
      headers: {}
    package: "store-dir"
  36 debug pnpm:progress: 
    packageId: "registry.npmjs.org/ytdl-core/4.5.0"
    requester: "/app"
    status: "resolved"
